<?xml version="1.0" encoding="UTF-8"?>
<!-- Generated by org.testng.reporters.JUnitReportReporter -->
<testsuite hostname="kanse" failures="0" tests="2" name="com.actitime.testscript.CustomerModule" time="0.057" errors="0" timestamp="2023-03-13T00:05:36 IST" skipped="0">
  <testcase classname="com.actitime.testscript.CustomerModule" name="testCreateCustomer" time="0.053"/>
  <system-out/>
  <testcase classname="com.actitime.testscript.CustomerModule" name="testmodifyCustomer" time="0.004"/>
  <system-out>
    <![CDATA[hi]]>
  </system-out>
</testsuite> <!-- com.actitime.testscript.CustomerModule -->
